<?xml version="1.0" encoding="UTF-8"?>
<!-- Generated by org.testng.reporters.JUnitReportReporter -->
<testsuite skipped="0" hostname="DESKTOP-NPRBV95" name="dao.assignment_executor.Assignment1" tests="1" failures="0" timestamp="06 Dec 2018 19:35:14 GMT" time="2.271" errors="0">
  <testcase name="ProductGetList" time="2.271" classname="dao.assignment_executor.Assignment1"/>
</testsuite> <!-- dao.assignment_executor.Assignment1 -->
