<?xml version="1.0" encoding="UTF-8"?>
<!-- Generated by org.testng.reporters.JUnitReportReporter -->
<testsuite skipped="0" hostname="DESKTOP-NPRBV95" name="dao.assignment_executor.Assignment2" tests="1" failures="0" timestamp="06 Dec 2018 19:35:28 GMT" time="6.523" errors="0">
  <testcase name="BankGetList" time="6.523" classname="dao.assignment_executor.Assignment2"/>
</testsuite> <!-- dao.assignment_executor.Assignment2 -->
